Copyright 1986-2017 Xilinx, Inc. All Rights Reserved.
----------------------------------------------------------------------------------------------------------------------------------------------------------------------------------------------------------------
| Tool Version     : Vivado v.2017.4 (win64) Build 2086221 Fri Dec 15 20:55:39 MST 2017
| Date             : Sat Jun  2 19:16:27 2018
| Host             : DESKTOP-V4T9AF7 running 64-bit major release  (build 9200)
| Command          : report_power -file top_level_verification_circuit_power_routed.rpt -pb top_level_verification_circuit_power_summary_routed.pb -rpx top_level_verification_circuit_power_routed.rpx
| Design           : top_level_verification_circuit
| Device           : xc7a100tcsg324-1
| Design State     : routed
| Grade            : commercial
| Process          : typical
| Characterization : Production
----------------------------------------------------------------------------------------------------------------------------------------------------------------------------------------------------------------

Power Report

Table of Contents
-----------------
1. Summary
1.1 On-Chip Components
1.2 Power Supply Summary
1.3 Confidence Level
2. Settings
2.1 Environment
2.2 Clock Constraints
3. Detailed Reports
3.1 By Hierarchy

1. Summary
----------

+--------------------------+--------------+
| Total On-Chip Power (W)  | 0.119        |
| Design Power Budget (W)  | Unspecified* |
| Power Budget Margin (W)  | NA           |
| Dynamic (W)              | 0.020        |
| Device Static (W)        | 0.099        |
| Effective TJA (C/W)      | 4.6          |
| Max Ambient (C)          | 84.5         |
| Junction Temperature (C) | 25.5         |
| Confidence Level         | Medium       |
| Setting File             | ---          |
| Simulation Activity File | ---          |
| Design Nets Matched      | NA           |
+--------------------------+--------------+
* Specify Design Power Budget using, set_operating_conditions -design_power_budget <value in Watts>


1.1 On-Chip Components
----------------------

+--------------------------+-----------+----------+-----------+-----------------+
| On-Chip                  | Power (W) | Used     | Available | Utilization (%) |
+--------------------------+-----------+----------+-----------+-----------------+
| Clocks                   |     0.011 |        4 |       --- |             --- |
| Slice Logic              |     0.001 |     4515 |       --- |             --- |
|   LUT as Logic           |    <0.001 |     1497 |     63400 |            2.36 |
|   Register               |    <0.001 |     2172 |    126800 |            1.71 |
|   CARRY4                 |    <0.001 |       55 |     15850 |            0.35 |
|   LUT as Shift Register  |    <0.001 |       93 |     19000 |            0.49 |
|   LUT as Distributed RAM |    <0.001 |       24 |     19000 |            0.13 |
|   F7/F8 Muxes            |    <0.001 |      106 |     63400 |            0.17 |
|   Others                 |     0.000 |      347 |       --- |             --- |
| Signals                  |     0.002 |     3478 |       --- |             --- |
| Block RAM                |     0.004 |       41 |       135 |           30.37 |
| I/O                      |     0.002 |        5 |       210 |            2.38 |
| Static Power             |     0.099 |          |           |                 |
| Total                    |     0.119 |          |           |                 |
+--------------------------+-----------+----------+-----------+-----------------+


1.2 Power Supply Summary
------------------------

+-----------+-------------+-----------+-------------+------------+
| Source    | Voltage (V) | Total (A) | Dynamic (A) | Static (A) |
+-----------+-------------+-----------+-------------+------------+
| Vccint    |       1.000 |     0.034 |       0.018 |      0.016 |
| Vccaux    |       1.800 |     0.018 |       0.000 |      0.018 |
| Vcco33    |       3.300 |     0.004 |       0.000 |      0.004 |
| Vcco25    |       2.500 |     0.000 |       0.000 |      0.000 |
| Vcco18    |       1.800 |     0.000 |       0.000 |      0.000 |
| Vcco15    |       1.500 |     0.000 |       0.000 |      0.000 |
| Vcco135   |       1.350 |     0.000 |       0.000 |      0.000 |
| Vcco12    |       1.200 |     0.000 |       0.000 |      0.000 |
| Vccaux_io |       1.800 |     0.000 |       0.000 |      0.000 |
| Vccbram   |       1.000 |     0.001 |       0.000 |      0.001 |
| MGTAVcc   |       1.000 |     0.000 |       0.000 |      0.000 |
| MGTAVtt   |       1.200 |     0.000 |       0.000 |      0.000 |
| Vccadc    |       1.800 |     0.020 |       0.000 |      0.020 |
+-----------+-------------+-----------+-------------+------------+


1.3 Confidence Level
--------------------

+-----------------------------+------------+-------------------------------------------------------+------------------------------------------------------------------------------------------------------------+
| User Input Data             | Confidence | Details                                               | Action                                                                                                     |
+-----------------------------+------------+-------------------------------------------------------+------------------------------------------------------------------------------------------------------------+
| Design implementation state | High       | Design is routed                                      |                                                                                                            |
| Clock nodes activity        | High       | User specified more than 95% of clocks                |                                                                                                            |
| I/O nodes activity          | Medium     | More than 5% of inputs are missing user specification | Provide missing input activity with simulation results or by editing the "By Resource Type -> I/Os" view   |
| Internal nodes activity     | Medium     | User specified less than 25% of internal nodes        | Provide missing internal nodes activity with simulation results or by editing the "By Resource Type" views |
| Device models               | High       | Device models are Production                          |                                                                                                            |
|                             |            |                                                       |                                                                                                            |
| Overall confidence level    | Medium     |                                                       |                                                                                                            |
+-----------------------------+------------+-------------------------------------------------------+------------------------------------------------------------------------------------------------------------+


2. Settings
-----------

2.1 Environment
---------------

+-----------------------+--------------------------+
| Ambient Temp (C)      | 25.0                     |
| ThetaJA (C/W)         | 4.6                      |
| Airflow (LFM)         | 250                      |
| Heat Sink             | medium (Medium Profile)  |
| ThetaSA (C/W)         | 4.6                      |
| Board Selection       | medium (10"x10")         |
| # of Board Layers     | 12to15 (12 to 15 Layers) |
| Board Temperature (C) | 25.0                     |
+-----------------------+--------------------------+


2.2 Clock Constraints
---------------------

+--------------------------------------------------------------------------------------------+----------------------------------------------------------------------+-----------------+
| Clock                                                                                      | Domain                                                               | Constraint (ns) |
+--------------------------------------------------------------------------------------------+----------------------------------------------------------------------+-----------------+
| dbg_hub/inst/BSCANID.u_xsdbm_id/SWITCH_N_EXT_BSCAN.bscan_inst/SERIES7_BSCAN.bscan_inst/TCK | dbg_hub/inst/BSCANID.u_xsdbm_id/SWITCH_N_EXT_BSCAN.bscan_inst/tck_bs |            33.0 |
| sys_clk_pin                                                                                | clock                                                                |            10.0 |
+--------------------------------------------------------------------------------------------+----------------------------------------------------------------------+-----------------+


3. Detailed Reports
-------------------

3.1 By Hierarchy
----------------

+------------------------------------------------------------------------------------+-----------+
| Name                                                                               | Power (W) |
+------------------------------------------------------------------------------------+-----------+
| top_level_verification_circuit                                                     |     0.020 |
|   button_synchronizer1                                                             |    <0.001 |
|   dbg_hub                                                                          |     0.003 |
|     inst                                                                           |     0.003 |
|       BSCANID.u_xsdbm_id                                                           |     0.003 |
|         CORE_XSDB.UUT_MASTER                                                       |     0.003 |
|           U_ICON_INTERFACE                                                         |     0.002 |
|             U_CMD1                                                                 |    <0.001 |
|             U_CMD2                                                                 |    <0.001 |
|             U_CMD3                                                                 |    <0.001 |
|             U_CMD4                                                                 |    <0.001 |
|             U_CMD5                                                                 |    <0.001 |
|             U_CMD6_RD                                                              |    <0.001 |
|               U_RD_FIFO                                                            |    <0.001 |
|                 SUBCORE_FIFO.xsdbm_v3_0_0_rdfifo_inst                              |    <0.001 |
|                   inst_fifo_gen                                                    |    <0.001 |
|                     gconvfifo.rf                                                   |    <0.001 |
|                       grf.rf                                                       |    <0.001 |
|                         gntv_or_sync_fifo.gcx.clkx                                 |    <0.001 |
|                           gnxpm_cdc.gsync_stage[1].rd_stg_inst                     |    <0.001 |
|                           gnxpm_cdc.gsync_stage[1].wr_stg_inst                     |    <0.001 |
|                           gnxpm_cdc.gsync_stage[2].rd_stg_inst                     |    <0.001 |
|                           gnxpm_cdc.gsync_stage[2].wr_stg_inst                     |    <0.001 |
|                         gntv_or_sync_fifo.gl0.rd                                   |    <0.001 |
|                           gr1.gr1_int.rfwft                                        |    <0.001 |
|                           gras.rsts                                                |    <0.001 |
|                           rpntr                                                    |    <0.001 |
|                         gntv_or_sync_fifo.gl0.wr                                   |    <0.001 |
|                           gwas.wsts                                                |    <0.001 |
|                           wpntr                                                    |    <0.001 |
|                         gntv_or_sync_fifo.mem                                      |    <0.001 |
|                           gdm.dm_gen.dm                                            |    <0.001 |
|                             RAM_reg_0_15_0_5                                       |    <0.001 |
|                             RAM_reg_0_15_12_15                                     |    <0.001 |
|                             RAM_reg_0_15_6_11                                      |    <0.001 |
|                         rstblk                                                     |    <0.001 |
|                           ngwrdrst.grst.g7serrst.gwrrd_rst_sync_stage[1].rrst_inst |    <0.001 |
|                           ngwrdrst.grst.g7serrst.gwrrd_rst_sync_stage[1].wrst_inst |    <0.001 |
|                           ngwrdrst.grst.g7serrst.gwrrd_rst_sync_stage[2].rrst_inst |    <0.001 |
|                           ngwrdrst.grst.g7serrst.gwrrd_rst_sync_stage[2].wrst_inst |    <0.001 |
|             U_CMD6_WR                                                              |    <0.001 |
|               U_WR_FIFO                                                            |    <0.001 |
|                 SUBCORE_FIFO.xsdbm_v3_0_0_wrfifo_inst                              |    <0.001 |
|                   inst_fifo_gen                                                    |    <0.001 |
|                     gconvfifo.rf                                                   |    <0.001 |
|                       grf.rf                                                       |    <0.001 |
|                         gntv_or_sync_fifo.gcx.clkx                                 |    <0.001 |
|                           gnxpm_cdc.gsync_stage[1].rd_stg_inst                     |    <0.001 |
|                           gnxpm_cdc.gsync_stage[1].wr_stg_inst                     |    <0.001 |
|                           gnxpm_cdc.gsync_stage[2].rd_stg_inst                     |    <0.001 |
|                           gnxpm_cdc.gsync_stage[2].wr_stg_inst                     |    <0.001 |
|                         gntv_or_sync_fifo.gl0.rd                                   |    <0.001 |
|                           gras.rsts                                                |    <0.001 |
|                           rpntr                                                    |    <0.001 |
|                         gntv_or_sync_fifo.gl0.wr                                   |    <0.001 |
|                           gwas.wsts                                                |    <0.001 |
|                           wpntr                                                    |    <0.001 |
|                         gntv_or_sync_fifo.mem                                      |    <0.001 |
|                           gdm.dm_gen.dm                                            |    <0.001 |
|                             RAM_reg_0_15_0_5                                       |    <0.001 |
|                             RAM_reg_0_15_12_15                                     |    <0.001 |
|                             RAM_reg_0_15_6_11                                      |    <0.001 |
|                         rstblk                                                     |    <0.001 |
|                           ngwrdrst.grst.g7serrst.gwrrd_rst_sync_stage[1].rrst_inst |    <0.001 |
|                           ngwrdrst.grst.g7serrst.gwrrd_rst_sync_stage[1].wrst_inst |    <0.001 |
|                           ngwrdrst.grst.g7serrst.gwrrd_rst_sync_stage[2].rrst_inst |    <0.001 |
|                           ngwrdrst.grst.g7serrst.gwrrd_rst_sync_stage[2].wrst_inst |    <0.001 |
|             U_CMD7_CTL                                                             |    <0.001 |
|             U_CMD7_STAT                                                            |    <0.001 |
|             U_STATIC_STATUS                                                        |    <0.001 |
|           U_XSDB_ADDRESS_CONTROLLER                                                |    <0.001 |
|           U_XSDB_BURST_WD_LEN_CONTROLLER                                           |    <0.001 |
|           U_XSDB_BUS_CONTROLLER                                                    |    <0.001 |
|             U_RD_ABORT_FLAG                                                        |    <0.001 |
|             U_RD_REQ_FLAG                                                          |    <0.001 |
|             U_TIMER                                                                |    <0.001 |
|           U_XSDB_BUS_MSTR2SL_PORT_IFACE                                            |    <0.001 |
|         CORE_XSDB.U_ICON                                                           |    <0.001 |
|           U_CMD                                                                    |    <0.001 |
|           U_STAT                                                                   |    <0.001 |
|           U_SYNC                                                                   |    <0.001 |
|         SWITCH_N_EXT_BSCAN.bscan_inst                                              |    <0.001 |
|         SWITCH_N_EXT_BSCAN.bscan_switch                                            |    <0.001 |
|   gcd_ring1                                                                        |    <0.001 |
|     ctrl1                                                                          |    <0.001 |
|       delay_a_req                                                                  |    <0.001 |
|         generate_delays[0].initial_buffer.bufferStart                              |     0.000 |
|         generate_delays[1].internal_buffer.bufferX                                 |     0.000 |
|         generate_delays[2].final_buffer.bufferEnd                                  |     0.000 |
|       delay_b_req                                                                  |    <0.001 |
|         generate_delays[0].initial_buffer.bufferStart                              |     0.000 |
|         generate_delays[1].internal_buffer.bufferX                                 |     0.000 |
|         generate_delays[2].final_buffer.bufferEnd                                  |     0.000 |
|     ctrl2                                                                          |    <0.001 |
|       delay_a_req                                                                  |    <0.001 |
|         generate_delays[0].initial_buffer.bufferStart                              |     0.000 |
|         generate_delays[10].internal_buffer.bufferX                                |     0.000 |
|         generate_delays[11].internal_buffer.bufferX                                |     0.000 |
|         generate_delays[12].internal_buffer.bufferX                                |     0.000 |
|         generate_delays[13].internal_buffer.bufferX                                |     0.000 |
|         generate_delays[14].internal_buffer.bufferX                                |     0.000 |
|         generate_delays[15].internal_buffer.bufferX                                |     0.000 |
|         generate_delays[16].internal_buffer.bufferX                                |     0.000 |
|         generate_delays[17].internal_buffer.bufferX                                |     0.000 |
|         generate_delays[18].internal_buffer.bufferX                                |     0.000 |
|         generate_delays[19].internal_buffer.bufferX                                |     0.000 |
|         generate_delays[1].internal_buffer.bufferX                                 |     0.000 |
|         generate_delays[20].internal_buffer.bufferX                                |     0.000 |
|         generate_delays[21].internal_buffer.bufferX                                |     0.000 |
|         generate_delays[22].internal_buffer.bufferX                                |     0.000 |
|         generate_delays[23].internal_buffer.bufferX                                |     0.000 |
|         generate_delays[24].internal_buffer.bufferX                                |     0.000 |
|         generate_delays[25].final_buffer.bufferEnd                                 |     0.000 |
|         generate_delays[2].internal_buffer.bufferX                                 |     0.000 |
|         generate_delays[3].internal_buffer.bufferX                                 |     0.000 |
|         generate_delays[4].internal_buffer.bufferX                                 |     0.000 |
|         generate_delays[5].internal_buffer.bufferX                                 |     0.000 |
|         generate_delays[6].internal_buffer.bufferX                                 |     0.000 |
|         generate_delays[7].internal_buffer.bufferX                                 |     0.000 |
|         generate_delays[8].internal_buffer.bufferX                                 |     0.000 |
|         generate_delays[9].internal_buffer.bufferX                                 |     0.000 |
|       delay_b_req                                                                  |    <0.001 |
|         generate_delays[0].initial_buffer.bufferStart                              |     0.000 |
|         generate_delays[10].internal_buffer.bufferX                                |     0.000 |
|         generate_delays[11].internal_buffer.bufferX                                |     0.000 |
|         generate_delays[12].internal_buffer.bufferX                                |     0.000 |
|         generate_delays[13].internal_buffer.bufferX                                |     0.000 |
|         generate_delays[14].internal_buffer.bufferX                                |     0.000 |
|         generate_delays[15].internal_buffer.bufferX                                |     0.000 |
|         generate_delays[16].internal_buffer.bufferX                                |     0.000 |
|         generate_delays[17].internal_buffer.bufferX                                |     0.000 |
|         generate_delays[18].internal_buffer.bufferX                                |     0.000 |
|         generate_delays[19].internal_buffer.bufferX                                |     0.000 |
|         generate_delays[1].internal_buffer.bufferX                                 |     0.000 |
|         generate_delays[20].internal_buffer.bufferX                                |     0.000 |
|         generate_delays[21].internal_buffer.bufferX                                |     0.000 |
|         generate_delays[22].internal_buffer.bufferX                                |     0.000 |
|         generate_delays[23].internal_buffer.bufferX                                |     0.000 |
|         generate_delays[24].internal_buffer.bufferX                                |     0.000 |
|         generate_delays[25].final_buffer.bufferEnd                                 |     0.000 |
|         generate_delays[2].internal_buffer.bufferX                                 |     0.000 |
|         generate_delays[3].internal_buffer.bufferX                                 |     0.000 |
|         generate_delays[4].internal_buffer.bufferX                                 |     0.000 |
|         generate_delays[5].internal_buffer.bufferX                                 |     0.000 |
|         generate_delays[6].internal_buffer.bufferX                                 |     0.000 |
|         generate_delays[7].internal_buffer.bufferX                                 |     0.000 |
|         generate_delays[8].internal_buffer.bufferX                                 |     0.000 |
|         generate_delays[9].internal_buffer.bufferX                                 |     0.000 |
|     ctrl3                                                                          |    <0.001 |
|       delay_a_req                                                                  |    <0.001 |
|         generate_delays[0].initial_buffer.bufferStart                              |     0.000 |
|         generate_delays[10].internal_buffer.bufferX                                |     0.000 |
|         generate_delays[11].internal_buffer.bufferX                                |     0.000 |
|         generate_delays[12].internal_buffer.bufferX                                |     0.000 |
|         generate_delays[13].internal_buffer.bufferX                                |     0.000 |
|         generate_delays[14].internal_buffer.bufferX                                |     0.000 |
|         generate_delays[15].final_buffer.bufferEnd                                 |     0.000 |
|         generate_delays[1].internal_buffer.bufferX                                 |     0.000 |
|         generate_delays[2].internal_buffer.bufferX                                 |     0.000 |
|         generate_delays[3].internal_buffer.bufferX                                 |     0.000 |
|         generate_delays[4].internal_buffer.bufferX                                 |     0.000 |
|         generate_delays[5].internal_buffer.bufferX                                 |     0.000 |
|         generate_delays[6].internal_buffer.bufferX                                 |     0.000 |
|         generate_delays[7].internal_buffer.bufferX                                 |     0.000 |
|         generate_delays[8].internal_buffer.bufferX                                 |     0.000 |
|         generate_delays[9].internal_buffer.bufferX                                 |     0.000 |
|       delay_b_req                                                                  |    <0.001 |
|         generate_delays[0].initial_buffer.bufferStart                              |     0.000 |
|         generate_delays[10].internal_buffer.bufferX                                |     0.000 |
|         generate_delays[11].internal_buffer.bufferX                                |     0.000 |
|         generate_delays[12].internal_buffer.bufferX                                |     0.000 |
|         generate_delays[13].internal_buffer.bufferX                                |     0.000 |
|         generate_delays[14].internal_buffer.bufferX                                |     0.000 |
|         generate_delays[15].final_buffer.bufferEnd                                 |     0.000 |
|         generate_delays[1].internal_buffer.bufferX                                 |     0.000 |
|         generate_delays[2].internal_buffer.bufferX                                 |     0.000 |
|         generate_delays[3].internal_buffer.bufferX                                 |     0.000 |
|         generate_delays[4].internal_buffer.bufferX                                 |     0.000 |
|         generate_delays[5].internal_buffer.bufferX                                 |     0.000 |
|         generate_delays[6].internal_buffer.bufferX                                 |     0.000 |
|         generate_delays[7].internal_buffer.bufferX                                 |     0.000 |
|         generate_delays[8].internal_buffer.bufferX                                 |     0.000 |
|         generate_delays[9].internal_buffer.bufferX                                 |     0.000 |
|     gcd1                                                                           |    <0.001 |
|   synchronizer1                                                                    |    <0.001 |
|   u_ila_0                                                                          |     0.013 |
|     inst                                                                           |     0.013 |
|       ila_core_inst                                                                |     0.013 |
|         ila_trace_memory_inst                                                      |     0.004 |
|           SUBCORE_RAM_BLK_MEM_1.trace_block_memory                                 |     0.004 |
|             inst_blk_mem_gen                                                       |     0.004 |
|               gnbram.gnativebmg.native_blk_mem_gen                                 |     0.004 |
|                 valid.cstr                                                         |     0.004 |
|                   bindec_a.bindec_inst_a                                           |    <0.001 |
|                   has_mux_b.B                                                      |    <0.001 |
|                   ramloop[0].ram.r                                                 |    <0.001 |
|                     prim_noinit.ram                                                |    <0.001 |
|                   ramloop[10].ram.r                                                |    <0.001 |
|                     prim_noinit.ram                                                |    <0.001 |
|                   ramloop[11].ram.r                                                |    <0.001 |
|                     prim_noinit.ram                                                |    <0.001 |
|                   ramloop[12].ram.r                                                |    <0.001 |
|                     prim_noinit.ram                                                |    <0.001 |
|                   ramloop[13].ram.r                                                |    <0.001 |
|                     prim_noinit.ram                                                |    <0.001 |
|                   ramloop[14].ram.r                                                |    <0.001 |
|                     prim_noinit.ram                                                |    <0.001 |
|                   ramloop[15].ram.r                                                |    <0.001 |
|                     prim_noinit.ram                                                |    <0.001 |
|                   ramloop[16].ram.r                                                |    <0.001 |
|                     prim_noinit.ram                                                |    <0.001 |
|                   ramloop[17].ram.r                                                |    <0.001 |
|                     prim_noinit.ram                                                |    <0.001 |
|                   ramloop[18].ram.r                                                |    <0.001 |
|                     prim_noinit.ram                                                |    <0.001 |
|                   ramloop[19].ram.r                                                |    <0.001 |
|                     prim_noinit.ram                                                |    <0.001 |
|                   ramloop[1].ram.r                                                 |    <0.001 |
|                     prim_noinit.ram                                                |    <0.001 |
|                   ramloop[20].ram.r                                                |    <0.001 |
|                     prim_noinit.ram                                                |    <0.001 |
|                   ramloop[21].ram.r                                                |    <0.001 |
|                     prim_noinit.ram                                                |    <0.001 |
|                   ramloop[22].ram.r                                                |    <0.001 |
|                     prim_noinit.ram                                                |    <0.001 |
|                   ramloop[23].ram.r                                                |    <0.001 |
|                     prim_noinit.ram                                                |    <0.001 |
|                   ramloop[24].ram.r                                                |    <0.001 |
|                     prim_noinit.ram                                                |    <0.001 |
|                   ramloop[25].ram.r                                                |    <0.001 |
|                     prim_noinit.ram                                                |    <0.001 |
|                   ramloop[26].ram.r                                                |    <0.001 |
|                     prim_noinit.ram                                                |    <0.001 |
|                   ramloop[27].ram.r                                                |    <0.001 |
|                     prim_noinit.ram                                                |    <0.001 |
|                   ramloop[28].ram.r                                                |    <0.001 |
|                     prim_noinit.ram                                                |    <0.001 |
|                   ramloop[29].ram.r                                                |    <0.001 |
|                     prim_noinit.ram                                                |    <0.001 |
|                   ramloop[2].ram.r                                                 |    <0.001 |
|                     prim_noinit.ram                                                |    <0.001 |
|                   ramloop[30].ram.r                                                |    <0.001 |
|                     prim_noinit.ram                                                |    <0.001 |
|                   ramloop[31].ram.r                                                |    <0.001 |
|                     prim_noinit.ram                                                |    <0.001 |
|                   ramloop[32].ram.r                                                |    <0.001 |
|                     prim_noinit.ram                                                |    <0.001 |
|                   ramloop[33].ram.r                                                |    <0.001 |
|                     prim_noinit.ram                                                |    <0.001 |
|                   ramloop[34].ram.r                                                |    <0.001 |
|                     prim_noinit.ram                                                |    <0.001 |
|                   ramloop[35].ram.r                                                |    <0.001 |
|                     prim_noinit.ram                                                |    <0.001 |
|                   ramloop[36].ram.r                                                |    <0.001 |
|                     prim_noinit.ram                                                |    <0.001 |
|                   ramloop[37].ram.r                                                |    <0.001 |
|                     prim_noinit.ram                                                |    <0.001 |
|                   ramloop[38].ram.r                                                |    <0.001 |
|                     prim_noinit.ram                                                |    <0.001 |
|                   ramloop[39].ram.r                                                |    <0.001 |
|                     prim_noinit.ram                                                |    <0.001 |
|                   ramloop[3].ram.r                                                 |    <0.001 |
|                     prim_noinit.ram                                                |    <0.001 |
|                   ramloop[4].ram.r                                                 |    <0.001 |
|                     prim_noinit.ram                                                |    <0.001 |
|                   ramloop[5].ram.r                                                 |    <0.001 |
|                     prim_noinit.ram                                                |    <0.001 |
|                   ramloop[6].ram.r                                                 |    <0.001 |
|                     prim_noinit.ram                                                |    <0.001 |
|                   ramloop[7].ram.r                                                 |    <0.001 |
|                     prim_noinit.ram                                                |    <0.001 |
|                   ramloop[8].ram.r                                                 |    <0.001 |
|                     prim_noinit.ram                                                |    <0.001 |
|                   ramloop[9].ram.r                                                 |    <0.001 |
|                     prim_noinit.ram                                                |    <0.001 |
|         u_ila_cap_ctrl                                                             |     0.002 |
|           U_CDONE                                                                  |    <0.001 |
|           U_NS0                                                                    |    <0.001 |
|           U_NS1                                                                    |    <0.001 |
|           u_cap_addrgen                                                            |     0.002 |
|             U_CMPRESET                                                             |    <0.001 |
|             u_cap_sample_counter                                                   |    <0.001 |
|               U_SCE                                                                |    <0.001 |
|               U_SCMPCE                                                             |    <0.001 |
|               U_SCRST                                                              |    <0.001 |
|               u_scnt_cmp                                                           |    <0.001 |
|                 allx_typeA_match_detection.ltlib_v1_0_0_allx_typeA_inst            |    <0.001 |
|                   DUT                                                              |    <0.001 |
|                     I_WHOLE_SLICE.G_SLICE_IDX[0].U_ALL_SRL_SLICE                   |    <0.001 |
|                       u_srlA                                                       |    <0.001 |
|                       u_srlB                                                       |    <0.001 |
|                       u_srlC                                                       |    <0.001 |
|                       u_srlD                                                       |    <0.001 |
|                     I_WHOLE_SLICE.G_SLICE_IDX[1].U_ALL_SRL_SLICE                   |    <0.001 |
|                       u_srlA                                                       |    <0.001 |
|                       u_srlB                                                       |    <0.001 |
|                       u_srlC                                                       |    <0.001 |
|                       u_srlD                                                       |    <0.001 |
|             u_cap_window_counter                                                   |    <0.001 |
|               U_WCE                                                                |    <0.001 |
|               U_WHCMPCE                                                            |    <0.001 |
|               U_WLCMPCE                                                            |    <0.001 |
|               u_wcnt_hcmp                                                          |    <0.001 |
|                 allx_typeA_match_detection.ltlib_v1_0_0_allx_typeA_inst            |    <0.001 |
|                   DUT                                                              |    <0.001 |
|                     I_WHOLE_SLICE.G_SLICE_IDX[0].U_ALL_SRL_SLICE                   |    <0.001 |
|                       u_srlA                                                       |    <0.001 |
|                       u_srlB                                                       |    <0.001 |
|                       u_srlC                                                       |    <0.001 |
|                       u_srlD                                                       |    <0.001 |
|                     I_WHOLE_SLICE.G_SLICE_IDX[1].U_ALL_SRL_SLICE                   |    <0.001 |
|                       u_srlA                                                       |    <0.001 |
|                       u_srlB                                                       |    <0.001 |
|                       u_srlC                                                       |    <0.001 |
|                       u_srlD                                                       |    <0.001 |
|               u_wcnt_lcmp                                                          |    <0.001 |
|                 allx_typeA_match_detection.ltlib_v1_0_0_allx_typeA_inst            |    <0.001 |
|                   DUT                                                              |    <0.001 |
|                     I_WHOLE_SLICE.G_SLICE_IDX[0].U_ALL_SRL_SLICE                   |    <0.001 |
|                       u_srlA                                                       |    <0.001 |
|                       u_srlB                                                       |    <0.001 |
|                       u_srlC                                                       |    <0.001 |
|                       u_srlD                                                       |    <0.001 |
|                     I_WHOLE_SLICE.G_SLICE_IDX[1].U_ALL_SRL_SLICE                   |    <0.001 |
|                       u_srlA                                                       |    <0.001 |
|                       u_srlB                                                       |    <0.001 |
|                       u_srlC                                                       |    <0.001 |
|                       u_srlD                                                       |    <0.001 |
|         u_ila_regs                                                                 |     0.005 |
|           MU_SRL[2].mu_srl_reg                                                     |    <0.001 |
|           MU_SRL[3].mu_srl_reg                                                     |    <0.001 |
|           MU_SRL[4].mu_srl_reg                                                     |    <0.001 |
|           TC_SRL[0].tc_srl_reg                                                     |    <0.001 |
|           U_XSDB_SLAVE                                                             |     0.002 |
|           reg_15                                                                   |    <0.001 |
|             I_EN_CTL_EQ1.U_CTL                                                     |    <0.001 |
|           reg_16                                                                   |    <0.001 |
|             I_EN_CTL_EQ1.U_CTL                                                     |    <0.001 |
|           reg_17                                                                   |    <0.001 |
|             I_EN_CTL_EQ1.U_CTL                                                     |    <0.001 |
|           reg_18                                                                   |    <0.001 |
|             I_EN_CTL_EQ1.U_CTL                                                     |    <0.001 |
|           reg_19                                                                   |    <0.001 |
|             I_EN_CTL_EQ1.U_CTL                                                     |    <0.001 |
|           reg_1a                                                                   |    <0.001 |
|             I_EN_CTL_EQ1.U_CTL                                                     |    <0.001 |
|           reg_6                                                                    |    <0.001 |
|             I_EN_CTL_EQ1.U_CTL                                                     |    <0.001 |
|           reg_7                                                                    |    <0.001 |
|             I_EN_CTL_EQ1.U_CTL                                                     |    <0.001 |
|           reg_8                                                                    |    <0.001 |
|             I_EN_STAT_EQ1.U_STAT                                                   |    <0.001 |
|           reg_80                                                                   |    <0.001 |
|             I_EN_CTL_EQ1.U_CTL                                                     |    <0.001 |
|           reg_81                                                                   |    <0.001 |
|             I_EN_CTL_EQ1.U_CTL                                                     |    <0.001 |
|           reg_82                                                                   |    <0.001 |
|             I_EN_CTL_EQ1.U_CTL                                                     |    <0.001 |
|           reg_83                                                                   |    <0.001 |
|             I_EN_CTL_EQ1.U_CTL                                                     |    <0.001 |
|           reg_84                                                                   |    <0.001 |
|             I_EN_CTL_EQ1.U_CTL                                                     |    <0.001 |
|           reg_85                                                                   |    <0.001 |
|             I_EN_CTL_EQ1.U_CTL                                                     |    <0.001 |
|           reg_887                                                                  |    <0.001 |
|             I_EN_STAT_EQ1.U_STAT                                                   |    <0.001 |
|           reg_88d                                                                  |    <0.001 |
|             I_EN_STAT_EQ1.U_STAT                                                   |    <0.001 |
|           reg_890                                                                  |    <0.001 |
|             I_EN_STAT_EQ1.U_STAT                                                   |    <0.001 |
|           reg_9                                                                    |    <0.001 |
|             I_EN_STAT_EQ1.U_STAT                                                   |    <0.001 |
|           reg_srl_fff                                                              |    <0.001 |
|           reg_stream_ffd                                                           |    <0.001 |
|             I_EN_CTL_EQ1.U_CTL                                                     |    <0.001 |
|           reg_stream_ffe                                                           |    <0.001 |
|             I_EN_STAT_EQ1.U_STAT                                                   |    <0.001 |
|         u_ila_reset_ctrl                                                           |    <0.001 |
|           arm_detection_inst                                                       |    <0.001 |
|           asyncrounous_transfer.arm_in_transfer_inst                               |    <0.001 |
|           asyncrounous_transfer.arm_out_transfer_inst                              |    <0.001 |
|           asyncrounous_transfer.halt_in_transfer_inst                              |    <0.001 |
|           asyncrounous_transfer.halt_out_transfer_inst                             |    <0.001 |
|           halt_detection_inst                                                      |    <0.001 |
|         u_trig                                                                     |    <0.001 |
|           N_DDR_TC.N_DDR_TC_INST[0].U_TC                                           |    <0.001 |
|             allx_typeA_match_detection.ltlib_v1_0_0_allx_typeA_inst                |    <0.001 |
|               DUT                                                                  |    <0.001 |
|                 I_WHOLE_SLICE.G_SLICE_IDX[0].U_ALL_SRL_SLICE                       |    <0.001 |
|                   u_srlA                                                           |    <0.001 |
|                   u_srlB                                                           |    <0.001 |
|                   u_srlC                                                           |    <0.001 |
|                   u_srlD                                                           |    <0.001 |
|           U_TM                                                                     |    <0.001 |
|             N_DDR_MODE.G_NMU[2].U_M                                                |    <0.001 |
|               allx_typeA_match_detection.ltlib_v1_0_0_allx_typeA_inst              |    <0.001 |
|                 DUT                                                                |    <0.001 |
|                   I_WHOLE_SLICE.G_SLICE_IDX[0].U_ALL_SRL_SLICE                     |    <0.001 |
|                     u_srlA                                                         |    <0.001 |
|                     u_srlB                                                         |    <0.001 |
|                     u_srlC                                                         |    <0.001 |
|                     u_srlD                                                         |    <0.001 |
|             N_DDR_MODE.G_NMU[3].U_M                                                |    <0.001 |
|               allx_typeA_match_detection.ltlib_v1_0_0_allx_typeA_inst              |    <0.001 |
|                 DUT                                                                |    <0.001 |
|                   I_WHOLE_SLICE.G_SLICE_IDX[0].U_ALL_SRL_SLICE                     |    <0.001 |
|                     u_srlA                                                         |    <0.001 |
|                     u_srlB                                                         |    <0.001 |
|                     u_srlC                                                         |    <0.001 |
|                     u_srlD                                                         |    <0.001 |
|             N_DDR_MODE.G_NMU[4].U_M                                                |    <0.001 |
|               allx_typeA_match_detection.ltlib_v1_0_0_allx_typeA_inst              |    <0.001 |
|                 DUT                                                                |    <0.001 |
|                   I_WHOLE_SLICE.G_SLICE_IDX[0].U_ALL_SRL_SLICE                     |    <0.001 |
|                     u_srlA                                                         |    <0.001 |
|                     u_srlB                                                         |    <0.001 |
|                     u_srlC                                                         |    <0.001 |
|                     u_srlD                                                         |    <0.001 |
|         xsdb_memory_read_inst                                                      |    <0.001 |
|   verification_circuit1                                                            |    <0.001 |
|     romA                                                                           |    <0.001 |
|     romB                                                                           |    <0.001 |
|     romC                                                                           |    <0.001 |
+------------------------------------------------------------------------------------+-----------+


