
*** Running vivado
    with args -log top_level_verification_circuit.vds -m64 -product Vivado -mode batch -messageDb vivado.pb -notrace -source top_level_verification_circuit.tcl


****** Vivado v2017.4 (64-bit)
  **** SW Build 2086221 on Fri Dec 15 20:55:39 MST 2017
  **** IP Build 2085800 on Fri Dec 15 22:25:07 MST 2017
    ** Copyright 1986-2017 Xilinx, Inc. All Rights Reserved.

source top_level_verification_circuit.tcl -notrace
Command: synth_design -top top_level_verification_circuit -part xc7a100tcsg324-1
Starting synth_design
Attempting to get a license for feature 'Synthesis' and/or device 'xc7a100t'
INFO: [Common 17-349] Got license for feature 'Synthesis' and/or device 'xc7a100t'
INFO: Launching helper process for spawning children vivado processes
INFO: Helper process launched with PID 23232 
---------------------------------------------------------------------------------
Starting RTL Elaboration : Time (s): cpu = 00:00:06 ; elapsed = 00:00:06 . Memory (MB): peak = 346.164 ; gain = 101.051
---------------------------------------------------------------------------------
INFO: [Synth 8-638] synthesizing module 'top_level_verification_circuit' [C:/github/02204_AsyncProject/hardware/fpga/fpga.vhdl:19]
INFO: [Synth 8-3491] module 'verification_circuit' declared at 'C:/github/02204_AsyncProject/hardware/verification_circuit/verification_circuit.vhdl:13' bound to instance 'verification_circuit1' of component 'verification_circuit' [C:/github/02204_AsyncProject/hardware/fpga/fpga.vhdl:85]
INFO: [Synth 8-638] synthesizing module 'verification_circuit' [C:/github/02204_AsyncProject/hardware/verification_circuit/verification_circuit.vhdl:31]
INFO: [Synth 8-3491] module 'rams_21a' declared at 'C:/github/02204_AsyncProject/hardware/verification_circuit/romA.vhdl:14' bound to instance 'romA' of component 'rams_21a' [C:/github/02204_AsyncProject/hardware/verification_circuit/verification_circuit.vhdl:92]
INFO: [Synth 8-638] synthesizing module 'rams_21a' [C:/github/02204_AsyncProject/hardware/verification_circuit/romA.vhdl:23]
INFO: [Synth 8-256] done synthesizing module 'rams_21a' (1#1) [C:/github/02204_AsyncProject/hardware/verification_circuit/romA.vhdl:23]
INFO: [Synth 8-3491] module 'rams_21b' declared at 'C:/github/02204_AsyncProject/hardware/verification_circuit/romB.vhdl:14' bound to instance 'romB' of component 'rams_21b' [C:/github/02204_AsyncProject/hardware/verification_circuit/verification_circuit.vhdl:101]
INFO: [Synth 8-638] synthesizing module 'rams_21b' [C:/github/02204_AsyncProject/hardware/verification_circuit/romB.vhdl:23]
INFO: [Synth 8-256] done synthesizing module 'rams_21b' (2#1) [C:/github/02204_AsyncProject/hardware/verification_circuit/romB.vhdl:23]
INFO: [Synth 8-3491] module 'rams_21c' declared at 'C:/github/02204_AsyncProject/hardware/verification_circuit/romC.vhdl:14' bound to instance 'romC' of component 'rams_21c' [C:/github/02204_AsyncProject/hardware/verification_circuit/verification_circuit.vhdl:110]
INFO: [Synth 8-638] synthesizing module 'rams_21c' [C:/github/02204_AsyncProject/hardware/verification_circuit/romC.vhdl:23]
INFO: [Synth 8-256] done synthesizing module 'rams_21c' (3#1) [C:/github/02204_AsyncProject/hardware/verification_circuit/romC.vhdl:23]
WARNING: [Synth 8-614] signal 'test_complete_reg' is read in the process but is not in the sensitivity list [C:/github/02204_AsyncProject/hardware/verification_circuit/verification_circuit.vhdl:143]
INFO: [Synth 8-256] done synthesizing module 'verification_circuit' (4#1) [C:/github/02204_AsyncProject/hardware/verification_circuit/verification_circuit.vhdl:31]
INFO: [Synth 8-3491] module 'gcd_ring' declared at 'C:/github/02204_AsyncProject/hardware/gcd_ring/gcd_ring.vhdl:13' bound to instance 'gcd_ring1' of component 'gcd_ring' [C:/github/02204_AsyncProject/hardware/fpga/fpga.vhdl:100]
INFO: [Synth 8-638] synthesizing module 'gcd_ring' [C:/github/02204_AsyncProject/hardware/gcd_ring/gcd_ring.vhdl:22]
	Parameter a_req_delay bound to: 2 - type: integer 
	Parameter b_ack_delay bound to: 2 - type: integer 
	Parameter initialOutput bound to: 1'b1 
INFO: [Synth 8-3491] module 'click_ctrl_delay' declared at 'C:/github/02204_AsyncProject/hardware/ctrl_delay/ctrl_delay.vhdl:12' bound to instance 'ctrl1' of component 'click_ctrl_delay' [C:/github/02204_AsyncProject/hardware/gcd_ring/gcd_ring.vhdl:149]
INFO: [Synth 8-638] synthesizing module 'click_ctrl_delay' [C:/github/02204_AsyncProject/hardware/ctrl_delay/ctrl_delay.vhdl:24]
	Parameter a_req_delay bound to: 2 - type: integer 
	Parameter b_ack_delay bound to: 2 - type: integer 
	Parameter initialOutput bound to: 1'b1 
	Parameter stages bound to: 2 - type: integer 
INFO: [Synth 8-3491] module 'delay_n_stage' declared at 'C:/github/02204_AsyncProject/hardware/delay/delay_n_stage.vhdl:11' bound to instance 'delay_a_req' of component 'delay_n_stage' [C:/github/02204_AsyncProject/hardware/ctrl_delay/ctrl_delay.vhdl:57]
INFO: [Synth 8-638] synthesizing module 'delay_n_stage' [C:/github/02204_AsyncProject/hardware/delay/delay_n_stage.vhdl:19]
	Parameter stages bound to: 2 - type: integer 
INFO: [Synth 8-5534] Detected attribute (* dont_touch = "true" *) [C:/github/02204_AsyncProject/hardware/delay/delay_n_stage.vhdl:30]
INFO: [Synth 8-5534] Detected attribute (* dont_touch = "true" *) [C:/github/02204_AsyncProject/hardware/delay/delay_n_stage.vhdl:31]
INFO: [Synth 8-3491] module 'delay_buffer' declared at 'C:/github/02204_AsyncProject/hardware/buffer/buffer.vhdl:11' bound to instance 'bufferStart' of component 'delay_buffer' [C:/github/02204_AsyncProject/hardware/delay/delay_n_stage.vhdl:49]
INFO: [Synth 8-638] synthesizing module 'delay_buffer' [C:/github/02204_AsyncProject/hardware/buffer/buffer.vhdl:18]
INFO: [Synth 8-5534] Detected attribute (* dont_touch = "true" *) [C:/github/02204_AsyncProject/hardware/buffer/buffer.vhdl:20]
INFO: [Synth 8-256] done synthesizing module 'delay_buffer' (5#1) [C:/github/02204_AsyncProject/hardware/buffer/buffer.vhdl:18]
INFO: [Synth 8-3491] module 'delay_buffer' declared at 'C:/github/02204_AsyncProject/hardware/buffer/buffer.vhdl:11' bound to instance 'bufferX' of component 'delay_buffer' [C:/github/02204_AsyncProject/hardware/delay/delay_n_stage.vhdl:70]
INFO: [Synth 8-3491] module 'delay_buffer' declared at 'C:/github/02204_AsyncProject/hardware/buffer/buffer.vhdl:11' bound to instance 'bufferEnd' of component 'delay_buffer' [C:/github/02204_AsyncProject/hardware/delay/delay_n_stage.vhdl:59]
INFO: [Synth 8-256] done synthesizing module 'delay_n_stage' (6#1) [C:/github/02204_AsyncProject/hardware/delay/delay_n_stage.vhdl:19]
	Parameter stages bound to: 2 - type: integer 
INFO: [Synth 8-3491] module 'delay_n_stage' declared at 'C:/github/02204_AsyncProject/hardware/delay/delay_n_stage.vhdl:11' bound to instance 'delay_b_req' of component 'delay_n_stage' [C:/github/02204_AsyncProject/hardware/ctrl_delay/ctrl_delay.vhdl:64]
INFO: [Synth 8-256] done synthesizing module 'click_ctrl_delay' (7#1) [C:/github/02204_AsyncProject/hardware/ctrl_delay/ctrl_delay.vhdl:24]
	Parameter a_req_delay bound to: 25 - type: integer 
	Parameter b_ack_delay bound to: 25 - type: integer 
	Parameter initialOutput bound to: 1'b0 
INFO: [Synth 8-3491] module 'click_ctrl_delay' declared at 'C:/github/02204_AsyncProject/hardware/ctrl_delay/ctrl_delay.vhdl:12' bound to instance 'ctrl2' of component 'click_ctrl_delay' [C:/github/02204_AsyncProject/hardware/gcd_ring/gcd_ring.vhdl:163]
INFO: [Synth 8-638] synthesizing module 'click_ctrl_delay__parameterized1' [C:/github/02204_AsyncProject/hardware/ctrl_delay/ctrl_delay.vhdl:24]
	Parameter a_req_delay bound to: 25 - type: integer 
	Parameter b_ack_delay bound to: 25 - type: integer 
	Parameter initialOutput bound to: 1'b0 
	Parameter stages bound to: 25 - type: integer 
INFO: [Synth 8-3491] module 'delay_n_stage' declared at 'C:/github/02204_AsyncProject/hardware/delay/delay_n_stage.vhdl:11' bound to instance 'delay_a_req' of component 'delay_n_stage' [C:/github/02204_AsyncProject/hardware/ctrl_delay/ctrl_delay.vhdl:57]
INFO: [Synth 8-638] synthesizing module 'delay_n_stage__parameterized2' [C:/github/02204_AsyncProject/hardware/delay/delay_n_stage.vhdl:19]
	Parameter stages bound to: 25 - type: integer 
INFO: [Synth 8-3491] module 'delay_buffer' declared at 'C:/github/02204_AsyncProject/hardware/buffer/buffer.vhdl:11' bound to instance 'bufferStart' of component 'delay_buffer' [C:/github/02204_AsyncProject/hardware/delay/delay_n_stage.vhdl:49]
INFO: [Synth 8-3491] module 'delay_buffer' declared at 'C:/github/02204_AsyncProject/hardware/buffer/buffer.vhdl:11' bound to instance 'bufferX' of component 'delay_buffer' [C:/github/02204_AsyncProject/hardware/delay/delay_n_stage.vhdl:70]
INFO: [Synth 8-3491] module 'delay_buffer' declared at 'C:/github/02204_AsyncProject/hardware/buffer/buffer.vhdl:11' bound to instance 'bufferX' of component 'delay_buffer' [C:/github/02204_AsyncProject/hardware/delay/delay_n_stage.vhdl:70]
INFO: [Synth 8-3491] module 'delay_buffer' declared at 'C:/github/02204_AsyncProject/hardware/buffer/buffer.vhdl:11' bound to instance 'bufferX' of component 'delay_buffer' [C:/github/02204_AsyncProject/hardware/delay/delay_n_stage.vhdl:70]
INFO: [Synth 8-3491] module 'delay_buffer' declared at 'C:/github/02204_AsyncProject/hardware/buffer/buffer.vhdl:11' bound to instance 'bufferX' of component 'delay_buffer' [C:/github/02204_AsyncProject/hardware/delay/delay_n_stage.vhdl:70]
INFO: [Synth 8-3491] module 'delay_buffer' declared at 'C:/github/02204_AsyncProject/hardware/buffer/buffer.vhdl:11' bound to instance 'bufferX' of component 'delay_buffer' [C:/github/02204_AsyncProject/hardware/delay/delay_n_stage.vhdl:70]
INFO: [Synth 8-3491] module 'delay_buffer' declared at 'C:/github/02204_AsyncProject/hardware/buffer/buffer.vhdl:11' bound to instance 'bufferX' of component 'delay_buffer' [C:/github/02204_AsyncProject/hardware/delay/delay_n_stage.vhdl:70]
INFO: [Synth 8-3491] module 'delay_buffer' declared at 'C:/github/02204_AsyncProject/hardware/buffer/buffer.vhdl:11' bound to instance 'bufferX' of component 'delay_buffer' [C:/github/02204_AsyncProject/hardware/delay/delay_n_stage.vhdl:70]
INFO: [Synth 8-3491] module 'delay_buffer' declared at 'C:/github/02204_AsyncProject/hardware/buffer/buffer.vhdl:11' bound to instance 'bufferX' of component 'delay_buffer' [C:/github/02204_AsyncProject/hardware/delay/delay_n_stage.vhdl:70]
INFO: [Synth 8-3491] module 'delay_buffer' declared at 'C:/github/02204_AsyncProject/hardware/buffer/buffer.vhdl:11' bound to instance 'bufferX' of component 'delay_buffer' [C:/github/02204_AsyncProject/hardware/delay/delay_n_stage.vhdl:70]
INFO: [Synth 8-3491] module 'delay_buffer' declared at 'C:/github/02204_AsyncProject/hardware/buffer/buffer.vhdl:11' bound to instance 'bufferX' of component 'delay_buffer' [C:/github/02204_AsyncProject/hardware/delay/delay_n_stage.vhdl:70]
INFO: [Synth 8-3491] module 'delay_buffer' declared at 'C:/github/02204_AsyncProject/hardware/buffer/buffer.vhdl:11' bound to instance 'bufferX' of component 'delay_buffer' [C:/github/02204_AsyncProject/hardware/delay/delay_n_stage.vhdl:70]
INFO: [Synth 8-3491] module 'delay_buffer' declared at 'C:/github/02204_AsyncProject/hardware/buffer/buffer.vhdl:11' bound to instance 'bufferX' of component 'delay_buffer' [C:/github/02204_AsyncProject/hardware/delay/delay_n_stage.vhdl:70]
INFO: [Synth 8-3491] module 'delay_buffer' declared at 'C:/github/02204_AsyncProject/hardware/buffer/buffer.vhdl:11' bound to instance 'bufferX' of component 'delay_buffer' [C:/github/02204_AsyncProject/hardware/delay/delay_n_stage.vhdl:70]
INFO: [Synth 8-3491] module 'delay_buffer' declared at 'C:/github/02204_AsyncProject/hardware/buffer/buffer.vhdl:11' bound to instance 'bufferX' of component 'delay_buffer' [C:/github/02204_AsyncProject/hardware/delay/delay_n_stage.vhdl:70]
INFO: [Synth 8-3491] module 'delay_buffer' declared at 'C:/github/02204_AsyncProject/hardware/buffer/buffer.vhdl:11' bound to instance 'bufferX' of component 'delay_buffer' [C:/github/02204_AsyncProject/hardware/delay/delay_n_stage.vhdl:70]
INFO: [Synth 8-3491] module 'delay_buffer' declared at 'C:/github/02204_AsyncProject/hardware/buffer/buffer.vhdl:11' bound to instance 'bufferX' of component 'delay_buffer' [C:/github/02204_AsyncProject/hardware/delay/delay_n_stage.vhdl:70]
INFO: [Synth 8-3491] module 'delay_buffer' declared at 'C:/github/02204_AsyncProject/hardware/buffer/buffer.vhdl:11' bound to instance 'bufferX' of component 'delay_buffer' [C:/github/02204_AsyncProject/hardware/delay/delay_n_stage.vhdl:70]
INFO: [Synth 8-3491] module 'delay_buffer' declared at 'C:/github/02204_AsyncProject/hardware/buffer/buffer.vhdl:11' bound to instance 'bufferX' of component 'delay_buffer' [C:/github/02204_AsyncProject/hardware/delay/delay_n_stage.vhdl:70]
INFO: [Synth 8-3491] module 'delay_buffer' declared at 'C:/github/02204_AsyncProject/hardware/buffer/buffer.vhdl:11' bound to instance 'bufferX' of component 'delay_buffer' [C:/github/02204_AsyncProject/hardware/delay/delay_n_stage.vhdl:70]
INFO: [Synth 8-3491] module 'delay_buffer' declared at 'C:/github/02204_AsyncProject/hardware/buffer/buffer.vhdl:11' bound to instance 'bufferX' of component 'delay_buffer' [C:/github/02204_AsyncProject/hardware/delay/delay_n_stage.vhdl:70]
INFO: [Synth 8-3491] module 'delay_buffer' declared at 'C:/github/02204_AsyncProject/hardware/buffer/buffer.vhdl:11' bound to instance 'bufferX' of component 'delay_buffer' [C:/github/02204_AsyncProject/hardware/delay/delay_n_stage.vhdl:70]
INFO: [Synth 8-3491] module 'delay_buffer' declared at 'C:/github/02204_AsyncProject/hardware/buffer/buffer.vhdl:11' bound to instance 'bufferX' of component 'delay_buffer' [C:/github/02204_AsyncProject/hardware/delay/delay_n_stage.vhdl:70]
INFO: [Synth 8-3491] module 'delay_buffer' declared at 'C:/github/02204_AsyncProject/hardware/buffer/buffer.vhdl:11' bound to instance 'bufferX' of component 'delay_buffer' [C:/github/02204_AsyncProject/hardware/delay/delay_n_stage.vhdl:70]
INFO: [Synth 8-3491] module 'delay_buffer' declared at 'C:/github/02204_AsyncProject/hardware/buffer/buffer.vhdl:11' bound to instance 'bufferX' of component 'delay_buffer' [C:/github/02204_AsyncProject/hardware/delay/delay_n_stage.vhdl:70]
INFO: [Synth 8-3491] module 'delay_buffer' declared at 'C:/github/02204_AsyncProject/hardware/buffer/buffer.vhdl:11' bound to instance 'bufferEnd' of component 'delay_buffer' [C:/github/02204_AsyncProject/hardware/delay/delay_n_stage.vhdl:59]
INFO: [Synth 8-256] done synthesizing module 'delay_n_stage__parameterized2' (7#1) [C:/github/02204_AsyncProject/hardware/delay/delay_n_stage.vhdl:19]
	Parameter stages bound to: 25 - type: integer 
INFO: [Synth 8-3491] module 'delay_n_stage' declared at 'C:/github/02204_AsyncProject/hardware/delay/delay_n_stage.vhdl:11' bound to instance 'delay_b_req' of component 'delay_n_stage' [C:/github/02204_AsyncProject/hardware/ctrl_delay/ctrl_delay.vhdl:64]
INFO: [Synth 8-256] done synthesizing module 'click_ctrl_delay__parameterized1' (7#1) [C:/github/02204_AsyncProject/hardware/ctrl_delay/ctrl_delay.vhdl:24]
	Parameter a_req_delay bound to: 15 - type: integer 
	Parameter b_ack_delay bound to: 15 - type: integer 
	Parameter initialOutput bound to: 1'b0 
INFO: [Synth 8-3491] module 'click_ctrl_delay' declared at 'C:/github/02204_AsyncProject/hardware/ctrl_delay/ctrl_delay.vhdl:12' bound to instance 'ctrl3' of component 'click_ctrl_delay' [C:/github/02204_AsyncProject/hardware/gcd_ring/gcd_ring.vhdl:177]
INFO: [Synth 8-638] synthesizing module 'click_ctrl_delay__parameterized3' [C:/github/02204_AsyncProject/hardware/ctrl_delay/ctrl_delay.vhdl:24]
	Parameter a_req_delay bound to: 15 - type: integer 
	Parameter b_ack_delay bound to: 15 - type: integer 
	Parameter initialOutput bound to: 1'b0 
	Parameter stages bound to: 15 - type: integer 
INFO: [Synth 8-3491] module 'delay_n_stage' declared at 'C:/github/02204_AsyncProject/hardware/delay/delay_n_stage.vhdl:11' bound to instance 'delay_a_req' of component 'delay_n_stage' [C:/github/02204_AsyncProject/hardware/ctrl_delay/ctrl_delay.vhdl:57]
INFO: [Synth 8-638] synthesizing module 'delay_n_stage__parameterized4' [C:/github/02204_AsyncProject/hardware/delay/delay_n_stage.vhdl:19]
	Parameter stages bound to: 15 - type: integer 
INFO: [Synth 8-3491] module 'delay_buffer' declared at 'C:/github/02204_AsyncProject/hardware/buffer/buffer.vhdl:11' bound to instance 'bufferStart' of component 'delay_buffer' [C:/github/02204_AsyncProject/hardware/delay/delay_n_stage.vhdl:49]
INFO: [Synth 8-3491] module 'delay_buffer' declared at 'C:/github/02204_AsyncProject/hardware/buffer/buffer.vhdl:11' bound to instance 'bufferX' of component 'delay_buffer' [C:/github/02204_AsyncProject/hardware/delay/delay_n_stage.vhdl:70]
INFO: [Synth 8-3491] module 'delay_buffer' declared at 'C:/github/02204_AsyncProject/hardware/buffer/buffer.vhdl:11' bound to instance 'bufferX' of component 'delay_buffer' [C:/github/02204_AsyncProject/hardware/delay/delay_n_stage.vhdl:70]
INFO: [Synth 8-3491] module 'delay_buffer' declared at 'C:/github/02204_AsyncProject/hardware/buffer/buffer.vhdl:11' bound to instance 'bufferX' of component 'delay_buffer' [C:/github/02204_AsyncProject/hardware/delay/delay_n_stage.vhdl:70]
INFO: [Synth 8-3491] module 'delay_buffer' declared at 'C:/github/02204_AsyncProject/hardware/buffer/buffer.vhdl:11' bound to instance 'bufferX' of component 'delay_buffer' [C:/github/02204_AsyncProject/hardware/delay/delay_n_stage.vhdl:70]
INFO: [Synth 8-3491] module 'delay_buffer' declared at 'C:/github/02204_AsyncProject/hardware/buffer/buffer.vhdl:11' bound to instance 'bufferX' of component 'delay_buffer' [C:/github/02204_AsyncProject/hardware/delay/delay_n_stage.vhdl:70]
INFO: [Synth 8-3491] module 'delay_buffer' declared at 'C:/github/02204_AsyncProject/hardware/buffer/buffer.vhdl:11' bound to instance 'bufferX' of component 'delay_buffer' [C:/github/02204_AsyncProject/hardware/delay/delay_n_stage.vhdl:70]
INFO: [Synth 8-3491] module 'delay_buffer' declared at 'C:/github/02204_AsyncProject/hardware/buffer/buffer.vhdl:11' bound to instance 'bufferX' of component 'delay_buffer' [C:/github/02204_AsyncProject/hardware/delay/delay_n_stage.vhdl:70]
INFO: [Synth 8-3491] module 'delay_buffer' declared at 'C:/github/02204_AsyncProject/hardware/buffer/buffer.vhdl:11' bound to instance 'bufferX' of component 'delay_buffer' [C:/github/02204_AsyncProject/hardware/delay/delay_n_stage.vhdl:70]
INFO: [Synth 8-3491] module 'delay_buffer' declared at 'C:/github/02204_AsyncProject/hardware/buffer/buffer.vhdl:11' bound to instance 'bufferX' of component 'delay_buffer' [C:/github/02204_AsyncProject/hardware/delay/delay_n_stage.vhdl:70]
INFO: [Synth 8-3491] module 'delay_buffer' declared at 'C:/github/02204_AsyncProject/hardware/buffer/buffer.vhdl:11' bound to instance 'bufferX' of component 'delay_buffer' [C:/github/02204_AsyncProject/hardware/delay/delay_n_stage.vhdl:70]
INFO: [Synth 8-3491] module 'delay_buffer' declared at 'C:/github/02204_AsyncProject/hardware/buffer/buffer.vhdl:11' bound to instance 'bufferX' of component 'delay_buffer' [C:/github/02204_AsyncProject/hardware/delay/delay_n_stage.vhdl:70]
INFO: [Synth 8-3491] module 'delay_buffer' declared at 'C:/github/02204_AsyncProject/hardware/buffer/buffer.vhdl:11' bound to instance 'bufferX' of component 'delay_buffer' [C:/github/02204_AsyncProject/hardware/delay/delay_n_stage.vhdl:70]
INFO: [Synth 8-3491] module 'delay_buffer' declared at 'C:/github/02204_AsyncProject/hardware/buffer/buffer.vhdl:11' bound to instance 'bufferX' of component 'delay_buffer' [C:/github/02204_AsyncProject/hardware/delay/delay_n_stage.vhdl:70]
INFO: [Synth 8-3491] module 'delay_buffer' declared at 'C:/github/02204_AsyncProject/hardware/buffer/buffer.vhdl:11' bound to instance 'bufferX' of component 'delay_buffer' [C:/github/02204_AsyncProject/hardware/delay/delay_n_stage.vhdl:70]
INFO: [Synth 8-3491] module 'delay_buffer' declared at 'C:/github/02204_AsyncProject/hardware/buffer/buffer.vhdl:11' bound to instance 'bufferEnd' of component 'delay_buffer' [C:/github/02204_AsyncProject/hardware/delay/delay_n_stage.vhdl:59]
INFO: [Synth 8-256] done synthesizing module 'delay_n_stage__parameterized4' (7#1) [C:/github/02204_AsyncProject/hardware/delay/delay_n_stage.vhdl:19]
	Parameter stages bound to: 15 - type: integer 
INFO: [Synth 8-3491] module 'delay_n_stage' declared at 'C:/github/02204_AsyncProject/hardware/delay/delay_n_stage.vhdl:11' bound to instance 'delay_b_req' of component 'delay_n_stage' [C:/github/02204_AsyncProject/hardware/ctrl_delay/ctrl_delay.vhdl:64]
INFO: [Synth 8-256] done synthesizing module 'click_ctrl_delay__parameterized3' (7#1) [C:/github/02204_AsyncProject/hardware/ctrl_delay/ctrl_delay.vhdl:24]
INFO: [Synth 8-3491] module 'GCD' declared at 'C:/github/02204_AsyncProject/hardware/gcd/gcd.vhdl:14' bound to instance 'gcd1' of component 'GCD' [C:/github/02204_AsyncProject/hardware/gcd_ring/gcd_ring.vhdl:190]
INFO: [Synth 8-638] synthesizing module 'GCD' [C:/github/02204_AsyncProject/hardware/gcd/gcd.vhdl:22]
INFO: [Synth 8-256] done synthesizing module 'GCD' (8#1) [C:/github/02204_AsyncProject/hardware/gcd/gcd.vhdl:22]
INFO: [Synth 8-256] done synthesizing module 'gcd_ring' (9#1) [C:/github/02204_AsyncProject/hardware/gcd_ring/gcd_ring.vhdl:22]
INFO: [Synth 8-3491] module 'synchronizer' declared at 'C:/github/02204_AsyncProject/hardware/synchronizer/synchronizer.vhdl:11' bound to instance 'synchronizer1' of component 'synchronizer' [C:/github/02204_AsyncProject/hardware/fpga/fpga.vhdl:110]
INFO: [Synth 8-638] synthesizing module 'synchronizer' [C:/github/02204_AsyncProject/hardware/synchronizer/synchronizer.vhdl:18]
INFO: [Synth 8-256] done synthesizing module 'synchronizer' (10#1) [C:/github/02204_AsyncProject/hardware/synchronizer/synchronizer.vhdl:18]
INFO: [Synth 8-3491] module 'button_synchronizer' declared at 'C:/github/02204_AsyncProject/hardware/button_synchronizer/button_synchronizer.vhdl:11' bound to instance 'button_synchronizer1' of component 'button_synchronizer' [C:/github/02204_AsyncProject/hardware/fpga/fpga.vhdl:119]
INFO: [Synth 8-638] synthesizing module 'button_synchronizer' [C:/github/02204_AsyncProject/hardware/button_synchronizer/button_synchronizer.vhdl:20]
INFO: [Synth 8-256] done synthesizing module 'button_synchronizer' (11#1) [C:/github/02204_AsyncProject/hardware/button_synchronizer/button_synchronizer.vhdl:20]
INFO: [Synth 8-256] done synthesizing module 'top_level_verification_circuit' (12#1) [C:/github/02204_AsyncProject/hardware/fpga/fpga.vhdl:19]
---------------------------------------------------------------------------------
Finished RTL Elaboration : Time (s): cpu = 00:00:07 ; elapsed = 00:00:07 . Memory (MB): peak = 399.246 ; gain = 154.133
---------------------------------------------------------------------------------

Report Check Netlist: 
+------+------------------+-------+---------+-------+------------------+
|      |Item              |Errors |Warnings |Status |Description       |
+------+------------------+-------+---------+-------+------------------+
|1     |multi_driven_nets |      0|        0|Passed |Multi driven nets |
+------+------------------+-------+---------+-------+------------------+
---------------------------------------------------------------------------------
Finished RTL Optimization Phase 1 : Time (s): cpu = 00:00:07 ; elapsed = 00:00:07 . Memory (MB): peak = 399.246 ; gain = 154.133
---------------------------------------------------------------------------------
INFO: [Device 21-403] Loading part xc7a100tcsg324-1
INFO: [Project 1-570] Preparing netlist for logic optimization

Processing XDC Constraints
Initializing timing engine
Parsing XDC File [C:/github/02204_AsyncProject/hardware/fpga/Nexys-4-DDR-Master.xdc]
Finished Parsing XDC File [C:/github/02204_AsyncProject/hardware/fpga/Nexys-4-DDR-Master.xdc]
INFO: [Project 1-236] Implementation specific constraints were found while reading constraint file [C:/github/02204_AsyncProject/hardware/fpga/Nexys-4-DDR-Master.xdc]. These constraints will be ignored for synthesis but will be used in implementation. Impacted constraints are listed in the file [.Xil/top_level_verification_circuit_propImpl.xdc].
Resolution: To avoid this warning, move constraints listed in [.Xil/top_level_verification_circuit_propImpl.xdc] to another XDC file and exclude this new file from synthesis with the used_in_synthesis property (File Properties dialog in GUI) and re-run elaboration/synthesis.
Completed Processing XDC Constraints

INFO: [Project 1-111] Unisim Transformation Summary:
No Unisim elements were transformed.

Constraint Validation Runtime : Time (s): cpu = 00:00:00 ; elapsed = 00:00:00.003 . Memory (MB): peak = 752.875 ; gain = 0.000
---------------------------------------------------------------------------------
Finished Constraint Validation : Time (s): cpu = 00:00:20 ; elapsed = 00:00:20 . Memory (MB): peak = 752.875 ; gain = 507.762
---------------------------------------------------------------------------------
---------------------------------------------------------------------------------
Start Loading Part and Timing Information
---------------------------------------------------------------------------------
Loading part: xc7a100tcsg324-1
---------------------------------------------------------------------------------
Finished Loading Part and Timing Information : Time (s): cpu = 00:00:20 ; elapsed = 00:00:20 . Memory (MB): peak = 752.875 ; gain = 507.762
---------------------------------------------------------------------------------
---------------------------------------------------------------------------------
Start Applying 'set_property' XDC Constraints
---------------------------------------------------------------------------------
---------------------------------------------------------------------------------
Finished applying 'set_property' XDC Constraints : Time (s): cpu = 00:00:20 ; elapsed = 00:00:20 . Memory (MB): peak = 752.875 ; gain = 507.762
---------------------------------------------------------------------------------
INFO: [Synth 8-5544] ROM "ROM" won't be mapped to Block RAM because address size (4) smaller than threshold (5)
INFO: [Synth 8-5544] ROM "ROM" won't be mapped to Block RAM because address size (4) smaller than threshold (5)
INFO: [Synth 8-5544] ROM "ROM" won't be mapped to Block RAM because address size (4) smaller than threshold (5)
INFO: [Synth 8-802] inferred FSM for state register 'state_reg_reg' in module 'verification_circuit'
INFO: [Synth 8-5544] ROM "count_int" won't be mapped to Block RAM because address size (3) smaller than threshold (5)
INFO: [Synth 8-5544] ROM "state_next" won't be mapped to Block RAM because address size (1) smaller than threshold (5)
INFO: [Synth 8-5544] ROM "state_next" won't be mapped to Block RAM because address size (1) smaller than threshold (5)
WARNING: [Synth 8-6014] Unused sequential element count_int_reg was removed.  [C:/github/02204_AsyncProject/hardware/verification_circuit/verification_circuit.vhdl:124]
---------------------------------------------------------------------------------------------------
                   State |                     New Encoding |                Previous Encoding 
---------------------------------------------------------------------------------------------------
                    idle |                              000 |                              000
                    load |                              001 |                              001
               send_data |                              010 |                              010
                  timing |                              011 |                              011
                  verify |                              100 |                              100
               completed |                              101 |                              101
---------------------------------------------------------------------------------------------------
INFO: [Synth 8-3354] encoded FSM with state register 'state_reg_reg' using encoding 'sequential' in module 'verification_circuit'
WARNING: [Synth 8-327] inferring latch for variable 'stage1_dataAout_reg' [C:/github/02204_AsyncProject/hardware/gcd_ring/gcd_ring.vhdl:118]
WARNING: [Synth 8-327] inferring latch for variable 'stage1_dataBout_reg' [C:/github/02204_AsyncProject/hardware/gcd_ring/gcd_ring.vhdl:119]
---------------------------------------------------------------------------------
Finished RTL Optimization Phase 2 : Time (s): cpu = 00:00:20 ; elapsed = 00:00:21 . Memory (MB): peak = 752.875 ; gain = 507.762
---------------------------------------------------------------------------------

Report RTL Partitions: 
+-+--------------+------------+----------+
| |RTL Partition |Replication |Instances |
+-+--------------+------------+----------+
+-+--------------+------------+----------+
---------------------------------------------------------------------------------
Start RTL Component Statistics 
---------------------------------------------------------------------------------
Detailed RTL Component Info : 
+---Adders : 
	   2 Input      8 Bit       Adders := 1     
	   3 Input      8 Bit       Adders := 2     
	   2 Input      5 Bit       Adders := 1     
+---Registers : 
	                8 Bit    Registers := 10    
	                5 Bit    Registers := 1     
	                3 Bit    Registers := 1     
	                2 Bit    Registers := 1     
	                1 Bit    Registers := 7     
+---Muxes : 
	  10 Input      8 Bit        Muxes := 3     
	   2 Input      8 Bit        Muxes := 9     
	   6 Input      5 Bit        Muxes := 1     
	  10 Input      3 Bit        Muxes := 1     
	   6 Input      1 Bit        Muxes := 5     
	   2 Input      1 Bit        Muxes := 2     
---------------------------------------------------------------------------------
Finished RTL Component Statistics 
---------------------------------------------------------------------------------
---------------------------------------------------------------------------------
Start RTL Hierarchical Component Statistics 
---------------------------------------------------------------------------------
Hierarchical RTL Component report 
Module rams_21a 
Detailed RTL Component Info : 
+---Registers : 
	                8 Bit    Registers := 1     
+---Muxes : 
	  10 Input      8 Bit        Muxes := 1     
Module rams_21b 
Detailed RTL Component Info : 
+---Registers : 
	                8 Bit    Registers := 1     
+---Muxes : 
	  10 Input      8 Bit        Muxes := 1     
Module rams_21c 
Detailed RTL Component Info : 
+---Registers : 
	                8 Bit    Registers := 1     
+---Muxes : 
	  10 Input      8 Bit        Muxes := 1     
Module verification_circuit 
Detailed RTL Component Info : 
+---Adders : 
	   2 Input      8 Bit       Adders := 1     
	   2 Input      5 Bit       Adders := 1     
+---Registers : 
	                8 Bit    Registers := 1     
	                5 Bit    Registers := 1     
	                1 Bit    Registers := 2     
+---Muxes : 
	   6 Input      5 Bit        Muxes := 1     
	  10 Input      3 Bit        Muxes := 1     
	   6 Input      1 Bit        Muxes := 5     
	   2 Input      1 Bit        Muxes := 1     
Module click_ctrl_delay 
Detailed RTL Component Info : 
+---Registers : 
	                1 Bit    Registers := 1     
Module click_ctrl_delay__parameterized1 
Detailed RTL Component Info : 
+---Registers : 
	                1 Bit    Registers := 1     
Module click_ctrl_delay__parameterized3 
Detailed RTL Component Info : 
+---Registers : 
	                1 Bit    Registers := 1     
Module GCD 
Detailed RTL Component Info : 
+---Adders : 
	   3 Input      8 Bit       Adders := 2     
+---Muxes : 
	   2 Input      8 Bit        Muxes := 3     
Module gcd_ring 
Detailed RTL Component Info : 
+---Registers : 
	                8 Bit    Registers := 6     
	                1 Bit    Registers := 2     
+---Muxes : 
	   2 Input      8 Bit        Muxes := 6     
	   2 Input      1 Bit        Muxes := 1     
Module synchronizer 
Detailed RTL Component Info : 
+---Registers : 
	                2 Bit    Registers := 1     
Module button_synchronizer 
Detailed RTL Component Info : 
+---Registers : 
	                3 Bit    Registers := 1     
---------------------------------------------------------------------------------
Finished RTL Hierarchical Component Statistics
---------------------------------------------------------------------------------
---------------------------------------------------------------------------------
Start Part Resource Summary
---------------------------------------------------------------------------------
Part Resources:
DSPs: 240 (col length:80)
BRAMs: 270 (col length: RAMB18 80 RAMB36 40)
---------------------------------------------------------------------------------
Finished Part Resource Summary
---------------------------------------------------------------------------------
---------------------------------------------------------------------------------
Start Cross Boundary and Area Optimization
---------------------------------------------------------------------------------
WARNING: [Synth 8-6014] Unused sequential element verification_circuit1/count_int_reg was removed.  [C:/github/02204_AsyncProject/hardware/verification_circuit/verification_circuit.vhdl:124]
INFO: [Synth 8-3886] merging instance 'verification_circuit1/romC/data_reg[1]' (FD) to 'verification_circuit1/romC/data_reg[3]'
---------------------------------------------------------------------------------
Finished Cross Boundary and Area Optimization : Time (s): cpu = 00:00:21 ; elapsed = 00:00:23 . Memory (MB): peak = 752.875 ; gain = 507.762
---------------------------------------------------------------------------------

Report RTL Partitions: 
+-+--------------+------------+----------+
| |RTL Partition |Replication |Instances |
+-+--------------+------------+----------+
+-+--------------+------------+----------+
---------------------------------------------------------------------------------
Start Applying XDC Timing Constraints
---------------------------------------------------------------------------------
---------------------------------------------------------------------------------
Finished Applying XDC Timing Constraints : Time (s): cpu = 00:00:32 ; elapsed = 00:00:33 . Memory (MB): peak = 752.875 ; gain = 507.762
---------------------------------------------------------------------------------
---------------------------------------------------------------------------------
Start Timing Optimization
---------------------------------------------------------------------------------
---------------------------------------------------------------------------------
Finished Timing Optimization : Time (s): cpu = 00:00:32 ; elapsed = 00:00:33 . Memory (MB): peak = 755.461 ; gain = 510.348
---------------------------------------------------------------------------------

Report RTL Partitions: 
+-+--------------+------------+----------+
| |RTL Partition |Replication |Instances |
+-+--------------+------------+----------+
+-+--------------+------------+----------+
---------------------------------------------------------------------------------
Start Technology Mapping
---------------------------------------------------------------------------------
INFO: [Synth 8-3886] merging instance 'verification_circuit1/romB/data_reg[1]' (FD) to 'verification_circuit1/romC/data_reg[3]'
INFO: [Synth 8-3886] merging instance 'verification_circuit1/romB/data_reg[4]' (FD) to 'verification_circuit1/romC/data_reg[4]'
---------------------------------------------------------------------------------
Finished Technology Mapping : Time (s): cpu = 00:00:32 ; elapsed = 00:00:33 . Memory (MB): peak = 766.004 ; gain = 520.891
---------------------------------------------------------------------------------

Report RTL Partitions: 
+-+--------------+------------+----------+
| |RTL Partition |Replication |Instances |
+-+--------------+------------+----------+
+-+--------------+------------+----------+
---------------------------------------------------------------------------------
Start IO Insertion
---------------------------------------------------------------------------------
---------------------------------------------------------------------------------
Start Flattening Before IO Insertion
---------------------------------------------------------------------------------
---------------------------------------------------------------------------------
Finished Flattening Before IO Insertion
---------------------------------------------------------------------------------
---------------------------------------------------------------------------------
Start Final Netlist Cleanup
---------------------------------------------------------------------------------
---------------------------------------------------------------------------------
Finished Final Netlist Cleanup
---------------------------------------------------------------------------------
---------------------------------------------------------------------------------
Finished IO Insertion : Time (s): cpu = 00:00:33 ; elapsed = 00:00:34 . Memory (MB): peak = 766.004 ; gain = 520.891
---------------------------------------------------------------------------------

Report Check Netlist: 
+------+------------------+-------+---------+-------+------------------+
|      |Item              |Errors |Warnings |Status |Description       |
+------+------------------+-------+---------+-------+------------------+
|1     |multi_driven_nets |      0|        0|Passed |Multi driven nets |
+------+------------------+-------+---------+-------+------------------+
---------------------------------------------------------------------------------
Start Renaming Generated Instances
---------------------------------------------------------------------------------
---------------------------------------------------------------------------------
Finished Renaming Generated Instances : Time (s): cpu = 00:00:33 ; elapsed = 00:00:34 . Memory (MB): peak = 766.004 ; gain = 520.891
---------------------------------------------------------------------------------

Report RTL Partitions: 
+-+--------------+------------+----------+
| |RTL Partition |Replication |Instances |
+-+--------------+------------+----------+
+-+--------------+------------+----------+
---------------------------------------------------------------------------------
Start Rebuilding User Hierarchy
---------------------------------------------------------------------------------
---------------------------------------------------------------------------------
Finished Rebuilding User Hierarchy : Time (s): cpu = 00:00:33 ; elapsed = 00:00:35 . Memory (MB): peak = 766.004 ; gain = 520.891
---------------------------------------------------------------------------------
---------------------------------------------------------------------------------
Start Renaming Generated Ports
---------------------------------------------------------------------------------
---------------------------------------------------------------------------------
Finished Renaming Generated Ports : Time (s): cpu = 00:00:33 ; elapsed = 00:00:35 . Memory (MB): peak = 766.004 ; gain = 520.891
---------------------------------------------------------------------------------
---------------------------------------------------------------------------------
Start Handling Custom Attributes
---------------------------------------------------------------------------------
---------------------------------------------------------------------------------
Finished Handling Custom Attributes : Time (s): cpu = 00:00:33 ; elapsed = 00:00:35 . Memory (MB): peak = 766.004 ; gain = 520.891
---------------------------------------------------------------------------------
---------------------------------------------------------------------------------
Start Renaming Generated Nets
---------------------------------------------------------------------------------
---------------------------------------------------------------------------------
Finished Renaming Generated Nets : Time (s): cpu = 00:00:33 ; elapsed = 00:00:35 . Memory (MB): peak = 766.004 ; gain = 520.891
---------------------------------------------------------------------------------
---------------------------------------------------------------------------------
Start Writing Synthesis Report
---------------------------------------------------------------------------------

Report BlackBoxes: 
+-+--------------+----------+
| |BlackBox name |Instances |
+-+--------------+----------+
+-+--------------+----------+

Report Cell Usage: 
+------+-------+------+
|      |Cell   |Count |
+------+-------+------+
|1     |BUFG   |     1|
|2     |CARRY4 |     6|
|3     |LUT1   |    88|
|4     |LUT2   |    18|
|5     |LUT3   |    24|
|6     |LUT4   |    68|
|7     |LUT5   |    24|
|8     |LUT6   |     5|
|9     |FDCE   |    61|
|10    |FDPE   |    15|
|11    |FDRE   |    20|
|12    |LD     |    16|
|13    |LDC    |    13|
|14    |IBUF   |     3|
|15    |OBUF   |     3|
+------+-------+------+

Report Instance Areas: 
+------+--------------------------------------------------------+---------------------------------+------+
|      |Instance                                                |Module                           |Cells |
+------+--------------------------------------------------------+---------------------------------+------+
|1     |top                                                     |                                 |   365|
|2     |  button_synchronizer1                                  |button_synchronizer              |     3|
|3     |  gcd_ring1                                             |gcd_ring                         |   265|
|4     |    gcd1                                                |GCD                              |     6|
|5     |    ctrl1                                               |click_ctrl_delay                 |     7|
|6     |      delay_a_req                                       |delay_n_stage                    |     3|
|7     |        \generate_delays[0].initial_buffer.bufferStart  |delay_buffer_89                  |     0|
|8     |        \generate_delays[1].internal_buffer.bufferX     |delay_buffer_90                  |     0|
|9     |        \generate_delays[2].final_buffer.bufferEnd      |delay_buffer_91                  |     0|
|10    |      delay_b_req                                       |delay_n_stage_85                 |     2|
|11    |        \generate_delays[0].initial_buffer.bufferStart  |delay_buffer_86                  |     0|
|12    |        \generate_delays[1].internal_buffer.bufferX     |delay_buffer_87                  |     0|
|13    |        \generate_delays[2].final_buffer.bufferEnd      |delay_buffer_88                  |     0|
|14    |    ctrl2                                               |click_ctrl_delay__parameterized1 |    53|
|15    |      delay_a_req                                       |delay_n_stage__parameterized2    |    26|
|16    |        \generate_delays[0].initial_buffer.bufferStart  |delay_buffer_59                  |     0|
|17    |        \generate_delays[10].internal_buffer.bufferX    |delay_buffer_60                  |     0|
|18    |        \generate_delays[11].internal_buffer.bufferX    |delay_buffer_61                  |     0|
|19    |        \generate_delays[12].internal_buffer.bufferX    |delay_buffer_62                  |     0|
|20    |        \generate_delays[13].internal_buffer.bufferX    |delay_buffer_63                  |     0|
|21    |        \generate_delays[14].internal_buffer.bufferX    |delay_buffer_64                  |     0|
|22    |        \generate_delays[15].internal_buffer.bufferX    |delay_buffer_65                  |     0|
|23    |        \generate_delays[16].internal_buffer.bufferX    |delay_buffer_66                  |     0|
|24    |        \generate_delays[17].internal_buffer.bufferX    |delay_buffer_67                  |     0|
|25    |        \generate_delays[18].internal_buffer.bufferX    |delay_buffer_68                  |     0|
|26    |        \generate_delays[19].internal_buffer.bufferX    |delay_buffer_69                  |     0|
|27    |        \generate_delays[1].internal_buffer.bufferX     |delay_buffer_70                  |     0|
|28    |        \generate_delays[20].internal_buffer.bufferX    |delay_buffer_71                  |     0|
|29    |        \generate_delays[21].internal_buffer.bufferX    |delay_buffer_72                  |     0|
|30    |        \generate_delays[22].internal_buffer.bufferX    |delay_buffer_73                  |     0|
|31    |        \generate_delays[23].internal_buffer.bufferX    |delay_buffer_74                  |     0|
|32    |        \generate_delays[24].internal_buffer.bufferX    |delay_buffer_75                  |     0|
|33    |        \generate_delays[25].final_buffer.bufferEnd     |delay_buffer_76                  |     0|
|34    |        \generate_delays[2].internal_buffer.bufferX     |delay_buffer_77                  |     0|
|35    |        \generate_delays[3].internal_buffer.bufferX     |delay_buffer_78                  |     0|
|36    |        \generate_delays[4].internal_buffer.bufferX     |delay_buffer_79                  |     0|
|37    |        \generate_delays[5].internal_buffer.bufferX     |delay_buffer_80                  |     0|
|38    |        \generate_delays[6].internal_buffer.bufferX     |delay_buffer_81                  |     0|
|39    |        \generate_delays[7].internal_buffer.bufferX     |delay_buffer_82                  |     0|
|40    |        \generate_delays[8].internal_buffer.bufferX     |delay_buffer_83                  |     0|
|41    |        \generate_delays[9].internal_buffer.bufferX     |delay_buffer_84                  |     0|
|42    |      delay_b_req                                       |delay_n_stage__parameterized2_32 |    25|
|43    |        \generate_delays[0].initial_buffer.bufferStart  |delay_buffer_33                  |     0|
|44    |        \generate_delays[10].internal_buffer.bufferX    |delay_buffer_34                  |     0|
|45    |        \generate_delays[11].internal_buffer.bufferX    |delay_buffer_35                  |     0|
|46    |        \generate_delays[12].internal_buffer.bufferX    |delay_buffer_36                  |     0|
|47    |        \generate_delays[13].internal_buffer.bufferX    |delay_buffer_37                  |     0|
|48    |        \generate_delays[14].internal_buffer.bufferX    |delay_buffer_38                  |     0|
|49    |        \generate_delays[15].internal_buffer.bufferX    |delay_buffer_39                  |     0|
|50    |        \generate_delays[16].internal_buffer.bufferX    |delay_buffer_40                  |     0|
|51    |        \generate_delays[17].internal_buffer.bufferX    |delay_buffer_41                  |     0|
|52    |        \generate_delays[18].internal_buffer.bufferX    |delay_buffer_42                  |     0|
|53    |        \generate_delays[19].internal_buffer.bufferX    |delay_buffer_43                  |     0|
|54    |        \generate_delays[1].internal_buffer.bufferX     |delay_buffer_44                  |     0|
|55    |        \generate_delays[20].internal_buffer.bufferX    |delay_buffer_45                  |     0|
|56    |        \generate_delays[21].internal_buffer.bufferX    |delay_buffer_46                  |     0|
|57    |        \generate_delays[22].internal_buffer.bufferX    |delay_buffer_47                  |     0|
|58    |        \generate_delays[23].internal_buffer.bufferX    |delay_buffer_48                  |     0|
|59    |        \generate_delays[24].internal_buffer.bufferX    |delay_buffer_49                  |     0|
|60    |        \generate_delays[25].final_buffer.bufferEnd     |delay_buffer_50                  |     0|
|61    |        \generate_delays[2].internal_buffer.bufferX     |delay_buffer_51                  |     0|
|62    |        \generate_delays[3].internal_buffer.bufferX     |delay_buffer_52                  |     0|
|63    |        \generate_delays[4].internal_buffer.bufferX     |delay_buffer_53                  |     0|
|64    |        \generate_delays[5].internal_buffer.bufferX     |delay_buffer_54                  |     0|
|65    |        \generate_delays[6].internal_buffer.bufferX     |delay_buffer_55                  |     0|
|66    |        \generate_delays[7].internal_buffer.bufferX     |delay_buffer_56                  |     0|
|67    |        \generate_delays[8].internal_buffer.bufferX     |delay_buffer_57                  |     0|
|68    |        \generate_delays[9].internal_buffer.bufferX     |delay_buffer_58                  |     0|
|69    |    ctrl3                                               |click_ctrl_delay__parameterized3 |    33|
|70    |      delay_a_req                                       |delay_n_stage__parameterized4    |    16|
|71    |        \generate_delays[0].initial_buffer.bufferStart  |delay_buffer_16                  |     0|
|72    |        \generate_delays[10].internal_buffer.bufferX    |delay_buffer_17                  |     0|
|73    |        \generate_delays[11].internal_buffer.bufferX    |delay_buffer_18                  |     0|
|74    |        \generate_delays[12].internal_buffer.bufferX    |delay_buffer_19                  |     0|
|75    |        \generate_delays[13].internal_buffer.bufferX    |delay_buffer_20                  |     0|
|76    |        \generate_delays[14].internal_buffer.bufferX    |delay_buffer_21                  |     0|
|77    |        \generate_delays[15].final_buffer.bufferEnd     |delay_buffer_22                  |     0|
|78    |        \generate_delays[1].internal_buffer.bufferX     |delay_buffer_23                  |     0|
|79    |        \generate_delays[2].internal_buffer.bufferX     |delay_buffer_24                  |     0|
|80    |        \generate_delays[3].internal_buffer.bufferX     |delay_buffer_25                  |     0|
|81    |        \generate_delays[4].internal_buffer.bufferX     |delay_buffer_26                  |     0|
|82    |        \generate_delays[5].internal_buffer.bufferX     |delay_buffer_27                  |     0|
|83    |        \generate_delays[6].internal_buffer.bufferX     |delay_buffer_28                  |     0|
|84    |        \generate_delays[7].internal_buffer.bufferX     |delay_buffer_29                  |     0|
|85    |        \generate_delays[8].internal_buffer.bufferX     |delay_buffer_30                  |     0|
|86    |        \generate_delays[9].internal_buffer.bufferX     |delay_buffer_31                  |     0|
|87    |      delay_b_req                                       |delay_n_stage__parameterized4_0  |    15|
|88    |        \generate_delays[0].initial_buffer.bufferStart  |delay_buffer                     |     0|
|89    |        \generate_delays[10].internal_buffer.bufferX    |delay_buffer_1                   |     0|
|90    |        \generate_delays[11].internal_buffer.bufferX    |delay_buffer_2                   |     0|
|91    |        \generate_delays[12].internal_buffer.bufferX    |delay_buffer_3                   |     0|
|92    |        \generate_delays[13].internal_buffer.bufferX    |delay_buffer_4                   |     0|
|93    |        \generate_delays[14].internal_buffer.bufferX    |delay_buffer_5                   |     0|
|94    |        \generate_delays[15].final_buffer.bufferEnd     |delay_buffer_6                   |     0|
|95    |        \generate_delays[1].internal_buffer.bufferX     |delay_buffer_7                   |     0|
|96    |        \generate_delays[2].internal_buffer.bufferX     |delay_buffer_8                   |     0|
|97    |        \generate_delays[3].internal_buffer.bufferX     |delay_buffer_9                   |     0|
|98    |        \generate_delays[4].internal_buffer.bufferX     |delay_buffer_10                  |     0|
|99    |        \generate_delays[5].internal_buffer.bufferX     |delay_buffer_11                  |     0|
|100   |        \generate_delays[6].internal_buffer.bufferX     |delay_buffer_12                  |     0|
|101   |        \generate_delays[7].internal_buffer.bufferX     |delay_buffer_13                  |     0|
|102   |        \generate_delays[8].internal_buffer.bufferX     |delay_buffer_14                  |     0|
|103   |        \generate_delays[9].internal_buffer.bufferX     |delay_buffer_15                  |     0|
|104   |  synchronizer1                                         |synchronizer                     |     2|
|105   |  verification_circuit1                                 |verification_circuit             |    88|
|106   |    romA                                                |rams_21a                         |    28|
|107   |    romB                                                |rams_21b                         |    16|
|108   |    romC                                                |rams_21c                         |    12|
+------+--------------------------------------------------------+---------------------------------+------+
---------------------------------------------------------------------------------
Finished Writing Synthesis Report : Time (s): cpu = 00:00:33 ; elapsed = 00:00:35 . Memory (MB): peak = 766.004 ; gain = 520.891
---------------------------------------------------------------------------------
Synthesis finished with 0 errors, 0 critical warnings and 4 warnings.
Synthesis Optimization Runtime : Time (s): cpu = 00:00:19 ; elapsed = 00:00:27 . Memory (MB): peak = 766.004 ; gain = 167.262
Synthesis Optimization Complete : Time (s): cpu = 00:00:33 ; elapsed = 00:00:35 . Memory (MB): peak = 766.004 ; gain = 520.891
INFO: [Project 1-571] Translating synthesized netlist
INFO: [Netlist 29-17] Analyzing 38 Unisim elements for replacement
INFO: [Netlist 29-28] Unisim Transformation completed in 0 CPU seconds
INFO: [Project 1-570] Preparing netlist for logic optimization
INFO: [Opt 31-138] Pushed 0 inverter(s) to 0 load pin(s).
INFO: [Project 1-111] Unisim Transformation Summary:
  A total of 29 instances were transformed.
  LD => LDCE: 16 instances
  LDC => LDCE: 13 instances

INFO: [Common 17-83] Releasing license: Synthesis
120 Infos, 5 Warnings, 0 Critical Warnings and 0 Errors encountered.
synth_design completed successfully
synth_design: Time (s): cpu = 00:00:34 ; elapsed = 00:00:38 . Memory (MB): peak = 767.348 ; gain = 535.047
INFO: [Common 17-600] The following parameters have non-default value.
tcl.collectionResultDisplayLimit
INFO: [Common 17-1381] The checkpoint 'C:/github/02204_AsyncProject/hardware/fpga/vivado/vivado.runs/synth_1/top_level_verification_circuit.dcp' has been generated.
INFO: [runtcl-4] Executing : report_utilization -file top_level_verification_circuit_utilization_synth.rpt -pb top_level_verification_circuit_utilization_synth.pb
report_utilization: Time (s): cpu = 00:00:00 ; elapsed = 00:00:00.036 . Memory (MB): peak = 767.348 ; gain = 0.000
INFO: [Common 17-206] Exiting Vivado at Sat Jun  2 15:43:26 2018...
